<?xml version="1.0" encoding="UTF-8"?>
<!-- Generated by org.testng.reporters.JUnitReportReporter -->
<testsuite hostname="LAPTOP-6I64D660" name="scripts.TestCalendar" tests="1" failures="0" timestamp="18 Jun 2019 02:48:27 GMT" time="3.222" errors="0">
  <testcase name="test1" time="3.222" classname="scripts.TestCalendar"/>
</testsuite> <!-- scripts.TestCalendar -->
