<?xml version="1.0" encoding="UTF-8"?>
<!-- Generated by org.testng.reporters.JUnitReportReporter -->
<testsuite hostname="LAPTOP-6I64D660" name="scripts.testFrameForm" tests="1" failures="0" timestamp="6 Apr 2019 08:33:47 GMT" time="10.102" errors="0">
  <testcase name="test3" time="10.102" classname="scripts.testFrameForm"/>
</testsuite> <!-- scripts.testFrameForm -->
