<?xml version="1.0" encoding="UTF-8"?>
<!-- Generated by org.testng.reporters.JUnitReportReporter -->
<testsuite hostname="LAPTOP-6I64D660" name="scripts.TestTables" tests="1" failures="0" timestamp="22 Apr 2019 18:06:02 GMT" time="1.142" errors="0">
  <testcase name="testDeleteRow" time="1.142" classname="scripts.TestTables"/>
</testsuite> <!-- scripts.TestTables -->
