<?xml version="1.0" encoding="UTF-8"?>
<!-- Generated by org.testng.reporters.JUnitReportReporter -->
<testsuite hostname="LAPTOP-6I64D660" name="scripts.testExplicitImplicitWait" tests="1" failures="0" timestamp="7 Apr 2019 18:25:05 GMT" time="5.557" errors="0">
  <testcase name="test" time="5.557" classname="scripts.testExplicitImplicitWait"/>
</testsuite> <!-- scripts.testExplicitImplicitWait -->
