<?xml version="1.0" encoding="UTF-8"?>
<!-- Generated by org.testng.reporters.JUnitReportReporter -->
<testsuite hostname="LAPTOP-6I64D660" name="scripts.TestWindowSwitch" tests="1" failures="0" timestamp="23 Apr 2019 10:32:25 GMT" time="0.169" errors="0">
  <testcase name="switchFrames" time="0.169" classname="scripts.TestWindowSwitch"/>
</testsuite> <!-- scripts.TestWindowSwitch -->
